<?xml version="1.0" encoding="UTF-8"?>
<testng-results ignored="0" total="2" passed="2" failed="0" skipped="0">
  <reporter-output>
  </reporter-output>
  <suite started-at="2025-08-23T15:53:48 IST" name="Default suite" finished-at="2025-08-23T15:53:50 IST" duration-ms="1713">
    <groups>
    </groups>
    <test started-at="2025-08-23T15:53:48 IST" name="Default test" finished-at="2025-08-23T15:53:50 IST" duration-ms="1713">
      <class name="hospital.org.HospitalManagementTest">
        <test-method signature="testInvalidLoginWithMockDB()[pri:0, instance:hospital.org.HospitalManagementTest@5dda768f]" started-at="2025-08-23T15:53:48 IST" name="testInvalidLoginWithMockDB" finished-at="2025-08-23T15:53:50 IST" duration-ms="1665" status="PASS">
          <reporter-output>
          </reporter-output>
        </test-method> <!-- testInvalidLoginWithMockDB -->
        <test-method signature="testValidLoginWithMockDB()[pri:0, instance:hospital.org.HospitalManagementTest@5dda768f]" started-at="2025-08-23T15:53:50 IST" name="testValidLoginWithMockDB" finished-at="2025-08-23T15:53:50 IST" duration-ms="14" status="PASS">
          <reporter-output>
          </reporter-output>
        </test-method> <!-- testValidLoginWithMockDB -->
      </class> <!-- hospital.org.HospitalManagementTest -->
    </test> <!-- Default test -->
  </suite> <!-- Default suite -->
</testng-results>
