<?xml version="1.0" encoding="UTF-8"?>
<!-- Generated by org.testng.reporters.JUnitXMLReporter -->
<testsuite ignored="0" hostname="DESKTOP-N6BEAMG" failures="0" tests="2" name="Default test" time="1.713" errors="0" timestamp="2025-08-23T15:53:50 IST">
  <testcase classname="hospital.org.HospitalManagementTest" name="testInvalidLoginWithMockDB" time="1.665"/>
  <testcase classname="hospital.org.HospitalManagementTest" name="testValidLoginWithMockDB" time="0.014"/>
</testsuite> <!-- Default test -->
